<?xml version="1.0" encoding="utf-8"?><testsuites name="pytest tests"><testsuite name="pytest" errors="0" failures="0" skipped="0" tests="6" time="1.042" timestamp="2026-06-10T18:10:19.008401+00:00" hostname="agent-env-cd1046b8-3881-4efe-b765-20cd887846a0"><testcase classname="backend.tests.test_recipes_import.TestImportEndpoint" name="test_import_valid_fixture" time="0.269" /><testcase classname="backend.tests.test_recipes_import.TestImportEndpoint" name="test_import_invalid_url_returns_400_indonesian" time="0.132" /><testcase classname="backend.tests.test_recipes_import.TestImportEndpoint" name="test_import_no_recipe_returns_422_indonesian" time="0.139" /><testcase classname="backend.tests.test_recipes_import.TestImportEndpoint" name="test_import_blank_url" time="0.181" /><testcase classname="backend.tests.test_recipes_import.TestImportEndpoint" name="test_import_missing_url" time="0.145" /><testcase classname="backend.tests.test_recipes_import.TestHealth" name="test_root" time="0.150" /></testsuite></testsuites>