<?xml version="1.0" encoding="utf-8"?><testsuites name="pytest tests"><testsuite name="pytest" errors="0" failures="0" skipped="0" tests="12" time="3.866" timestamp="2026-06-10T18:50:39.360967+00:00" hostname="agent-env-cd1046b8-3881-4efe-b765-20cd887846a0"><testcase classname="tests.test_social.TestSocialUsers" name="test_upsert_create" time="0.363" /><testcase classname="tests.test_social.TestSocialUsers" name="test_upsert_updates_same_id" time="0.249" /><testcase classname="tests.test_social.TestSocialUsers" name="test_empty_nickname_rejected" time="0.104" /><testcase classname="tests.test_social.TestSocialUsers" name="test_profile_404" time="0.138" /><testcase classname="tests.test_social.TestSocialPosts" name="test_create_and_list_post" time="0.415" /><testcase classname="tests.test_social.TestSocialPosts" name="test_create_post_unknown_user_404" time="0.122" /><testcase classname="tests.test_social.TestSocialPosts" name="test_delete_post_owner_only" time="0.424" /><testcase classname="tests.test_social.TestFollowsFeedDiscover" name="test_self_follow_rejected" time="0.241" /><testcase classname="tests.test_social.TestFollowsFeedDiscover" name="test_follow_idempotent_and_check" time="0.631" /><testcase classname="tests.test_social.TestFollowsFeedDiscover" name="test_feed_includes_own_and_followed" time="0.528" /><testcase classname="tests.test_social.TestFollowsFeedDiscover" name="test_discover_excludes_self" time="0.371" /><testcase classname="tests.test_social.TestFollowsFeedDiscover" name="test_follow_unknown_user_404" time="0.255" /></testsuite></testsuites>